
/home/runner/work/exp-non-determinstic-finite-automaton-iiith/exp-non-determinstic-finite-automaton-iiith/experiment/simulation/js/data.js
    6:7  warning  'nfa1' is assigned a value but never used  no-unused-vars
   41:7  warning  'nfa2' is assigned a value but never used  no-unused-vars
   75:7  warning  'nfa3' is assigned a value but never used  no-unused-vars
  109:7  warning  'nfa4' is assigned a value but never used  no-unused-vars
  140:7  warning  'nfa5' is assigned a value but never used  no-unused-vars

/home/runner/work/exp-non-determinstic-finite-automaton-iiith/exp-non-determinstic-finite-automaton-iiith/experiment/simulation/js/helper.js
    7:2   warning  'elem' is not defined                      no-undef
    9:4   warning  'elem' is not defined                      no-undef
   11:9   warning  'elem' is not defined                      no-undef
   14:10  warning  'newElement' is defined but never used     no-unused-vars
   15:2   warning  'elem' is not defined                      no-undef
   17:4   warning  'elem' is not defined                      no-undef
   19:9   warning  'elem' is not defined                      no-undef
   22:10  warning  'clearElem' is defined but never used      no-unused-vars
   29:10  warning  'displayCanvas' is defined but never used  no-unused-vars
   30:3   warning  'sine45' is not defined                    no-undef
   32:3   warning  'nodes' is not defined                     no-undef
   33:3   warning  'edges' is not defined                     no-undef
   37:5   warning  'newnode' is not defined                   no-undef
   40:12  warning  'width' is not defined                     no-undef
   40:26  warning  'width' is not defined                     no-undef
   41:12  warning  'height' is not defined                    no-undef
   43:5   warning  'nodes' is not defined                     no-undef
   43:16  warning  'newnode' is not defined                   no-undef
   47:3   warning  'nodes' is not defined                     no-undef
   48:5   warning  'color' is not defined                     no-undef
   49:5   warning  'stroke_width' is not defined              no-undef
   51:7   warning  'color' is not defined                     no-undef
   52:7   warning  'stroke_width' is not defined              no-undef
   54:7   warning  'color' is not defined                     no-undef
   55:7   warning  'stroke_width' is not defined              no-undef
   57:5   warning  'fillColor' is not defined                 no-undef
   59:7   warning  'fillColor' is not defined                 no-undef
   61:5   warning  'circleElem' is not defined                no-undef
   65:13  warning  'radius' is not defined                    no-undef
   66:18  warning  'color' is not defined                     no-undef
   67:16  warning  'fillColor' is not defined                 no-undef
   68:24  warning  'stroke_width' is not defined              no-undef
   71:5   warning  'textElem' is not defined                  no-undef
   77:5   warning  'textElem' is not defined                  no-undef
   79:24  warning  'circleElem' is not defined                no-undef
   80:24  warning  'textElem' is not defined                  no-undef
   84:39  warning  'index' is defined but never used          no-unused-vars
   85:5   warning  'newEdge' is not defined                   no-undef
  104:5   warning  'nodes' is not defined                     no-undef
  106:9   warning  'newEdge' is not defined                   no-undef
  107:9   warning  'newEdge' is not defined                   no-undef
  110:9   warning  'newEdge' is not defined                   no-undef
  111:9   warning  'newEdge' is not defined                   no-undef
  116:7   warning  'newEdge' is not defined                   no-undef
  116:31  warning  'newEdge' is not defined                   no-undef
  116:53  warning  'radius' is not defined                    no-undef
  116:60  warning  'sine45' is not defined                    no-undef
  117:7   warning  'newEdge' is not defined                   no-undef
  117:29  warning  'newEdge' is not defined                   no-undef
  117:49  warning  'radius' is not defined                    no-undef
  117:56  warning  'sine45' is not defined                    no-undef
  119:7   warning  'newEdge' is not defined                   no-undef
  119:31  warning  'newEdge' is not defined                   no-undef
  119:53  warning  'radius' is not defined                    no-undef
  119:60  warning  'sine45' is not defined                    no-undef
  120:7   warning  'newEdge' is not defined                   no-undef
  120:29  warning  'newEdge' is not defined                   no-undef
  120:49  warning  'radius' is not defined                    no-undef
  120:56  warning  'sine45' is not defined                    no-undef
  122:7   warning  'newEdge' is not defined                   no-undef
  122:30  warning  'newEdge' is not defined                   no-undef
  122:52  warning  'newEdge' is not defined                   no-undef
  123:7   warning  'newEdge' is not defined                   no-undef
  123:29  warning  'newEdge' is not defined                   no-undef
  123:51  warning  'radius' is not defined                    no-undef
  125:7   warning  'newEdge' is not defined                   no-undef
  125:31  warning  'newEdge' is not defined                   no-undef
  125:53  warning  'radius' is not defined                    no-undef
  125:60  warning  'sine45' is not defined                    no-undef
  126:7   warning  'newEdge' is not defined                   no-undef
  126:29  warning  'newEdge' is not defined                   no-undef
  126:49  warning  'radius' is not defined                    no-undef
  126:56  warning  'sine45' is not defined                    no-undef
  128:7   warning  'newEdge' is not defined                   no-undef
  128:31  warning  'newEdge' is not defined                   no-undef
  128:53  warning  'radius' is not defined                    no-undef
  128:60  warning  'sine45' is not defined                    no-undef
  129:7   warning  'newEdge' is not defined                   no-undef
  129:29  warning  'newEdge' is not defined                   no-undef
  129:49  warning  'radius' is not defined                    no-undef
  129:56  warning  'sine45' is not defined                    no-undef
  131:7   warning  'newEdge' is not defined                   no-undef
  131:30  warning  'newEdge' is not defined                   no-undef
  131:52  warning  'newEdge' is not defined                   no-undef
  132:7   warning  'newEdge' is not defined                   no-undef
  132:29  warning  'newEdge' is not defined                   no-undef
  132:51  warning  'radius' is not defined                    no-undef
  134:7   warning  'newEdge' is not defined                   no-undef
  134:31  warning  'newEdge' is not defined                   no-undef
  134:53  warning  'radius' is not defined                    no-undef
  134:60  warning  'sine45' is not defined                    no-undef
  135:7   warning  'newEdge' is not defined                   no-undef
  135:31  warning  'newEdge' is not defined                   no-undef
  135:53  warning  'radius' is not defined                    no-undef
  135:60  warning  'sine45' is not defined                    no-undef
  137:7   warning  'newEdge' is not defined                   no-undef
  137:29  warning  'newEdge' is not defined                   no-undef
  137:49  warning  'radius' is not defined                    no-undef
  137:56  warning  'sine45' is not defined                    no-undef
  138:7   warning  'newEdge' is not defined                   no-undef
  138:29  warning  'newEdge' is not defined                   no-undef
  138:49  warning  'radius' is not defined                    no-undef
  138:56  warning  'sine45' is not defined                    no-undef
  140:7   warning  'newEdge' is not defined                   no-undef
  140:30  warning  'newEdge' is not defined                   no-undef
  140:52  warning  'newEdge' is not defined                   no-undef
  141:7   warning  'newEdge' is not defined                   no-undef
  141:29  warning  'newEdge' is not defined                   no-undef
  141:53  warning  'radius' is not defined                    no-undef
  144:5   warning  'edges' is not defined                     no-undef
  144:16  warning  'newEdge' is not defined                   no-undef
  148:3   warning  'edges' is not defined                     no-undef
  149:5   warning  'baseId' is not defined                    no-undef
  151:5   warning  'linepoints' is not defined                no-undef
  153:7   warning  'linepoints' is not defined                no-undef
  160:7   warning  'linepoints' is not defined                no-undef
  165:7   warning  'linepoints' is not defined                no-undef
  171:5   warning  'edgeColor' is not defined                 no-undef
  172:5   warning  'line' is not defined                      no-undef
  173:14  warning  'baseId' is not defined                    no-undef
  174:13  warning  'linepoints' is not defined                no-undef
  176:18  warning  'edgeColor' is not defined                 no-undef
  179:5   warning  'mid_x' is not defined                     no-undef
  180:5   warning  'mid_y' is not defined                     no-undef
  182:5   warning  'linemarkerpoints' is not defined          no-undef
  184:7   warning  'mid_y' is not defined                     no-undef
  185:7   warning  'linemarkerpoints' is not defined          no-undef
  185:27  warning  'mid_x' is not defined                     no-undef
  185:39  warning  'mid_y' is not defined                     no-undef
  185:53  warning  'mid_x' is not defined                     no-undef
  185:67  warning  'mid_y' is not defined                     no-undef
  185:79  warning  'mid_x' is not defined                     no-undef
  185:91  warning  'mid_y' is not defined                     no-undef
  187:7   warning  'mid_y' is not defined                     no-undef
  188:7   warning  'linemarkerpoints' is not defined          no-undef
  188:27  warning  'mid_x' is not defined                     no-undef
  188:39  warning  'mid_y' is not defined                     no-undef
  188:53  warning  'mid_x' is not defined                     no-undef
  188:67  warning  'mid_y' is not defined                     no-undef
  188:79  warning  'mid_x' is not defined                     no-undef
  188:91  warning  'mid_y' is not defined                     no-undef
  190:7   warning  'mid_y' is not defined                     no-undef
  191:7   warning  'linemarkerpoints' is not defined          no-undef
  191:27  warning  'mid_x' is not defined                     no-undef
  191:39  warning  'mid_y' is not defined                     no-undef
  191:53  warning  'mid_x' is not defined                     no-undef
  191:67  warning  'mid_y' is not defined                     no-undef
  191:79  warning  'mid_x' is not defined                     no-undef
  191:91  warning  'mid_y' is not defined                     no-undef
  194:5   warning  'linemarker' is not defined                no-undef
  195:14  warning  'baseId' is not defined                    no-undef
  196:18  warning  'linemarkerpoints' is not defined          no-undef
  199:5   warning  'textline' is not defined                  no-undef
  200:14  warning  'baseId' is not defined                    no-undef
  202:5   warning  'textlinepath' is not defined              no-undef
  203:14  warning  'baseId' is not defined                    no-undef
  204:20  warning  'baseId' is not defined                    no-undef
  207:5   warning  'textlinepath' is not defined              no-undef
  209:24  warning  'line' is not defined                      no-undef
  210:24  warning  'linemarker' is not defined                no-undef
  211:5   warning  'textline' is not defined                  no-undef
  211:26  warning  'textlinepath' is not defined              no-undef
  212:24  warning  'textline' is not defined                  no-undef
  215:11  warning  'nodes' is not defined                     no-undef
  215:18  warning  'edges' is not defined                     no-undef

/home/runner/work/exp-non-determinstic-finite-automaton-iiith/exp-non-determinstic-finite-automaton-iiith/experiment/simulation/js/main.js
    6:1   warning  'width' is not defined                        no-undef
    7:1   warning  'height' is not defined                       no-undef
    8:1   warning  'radius' is not defined                       no-undef
   10:1   warning  'nfa' is not defined                          no-undef
   10:8   warning  'nfa1' is not defined                         no-undef
   10:14  warning  'nfa2' is not defined                         no-undef
   10:20  warning  'nfa3' is not defined                         no-undef
   10:26  warning  'nfa4' is not defined                         no-undef
   10:32  warning  'nfa5' is not defined                         no-undef
   11:1   warning  'nfaIndex' is not defined                     no-undef
   13:1   warning  'inputIndex' is not defined                   no-undef
   14:1   warning  'inputPointer' is not defined                 no-undef
   16:1   warning  'nodes' is not defined                        no-undef
   17:1   warning  'edges' is not defined                        no-undef
   19:1   warning  'path_state' is not defined                   no-undef
   22:3   warning  'clearElem' is not defined                    no-undef
   22:13  warning  'canvas' is not defined                       no-undef
   24:3   warning  'curr' is not defined                         no-undef
   25:6   warning  'inputPointer' is not defined                 no-undef
   28:8   warning  'path_state' is not defined                   no-undef
   29:7   warning  'curr' is not defined                         no-undef
   29:14  warning  'nfa' is not defined                          no-undef
   29:18  warning  'nfaIndex' is not defined                     no-undef
   29:37  warning  'inputIndex' is not defined                   no-undef
   29:59  warning  'inputPointer' is not defined                 no-undef
   31:7   warning  'curr' is not defined                         no-undef
   31:14  warning  'nfa' is not defined                          no-undef
   31:18  warning  'nfaIndex' is not defined                     no-undef
   31:37  warning  'inputIndex' is not defined                   no-undef
   31:64  warning  'inputPointer' is not defined                 no-undef
   36:3   warning  'NFADescriptionContainer' is not defined      no-undef
   37:3   warning  'clearElem' is not defined                    no-undef
   37:13  warning  'NFADescriptionContainer' is not defined      no-undef
   38:3   warning  'span' is not defined                         no-undef
   38:10  warning  'newElement' is not defined                   no-undef
   38:67  warning  'textColor' is not defined                    no-undef
   39:3   warning  'text' is not defined                         no-undef
   39:34  warning  'nfa' is not defined                          no-undef
   39:38  warning  'nfaIndex' is not defined                     no-undef
   40:3   warning  'span' is not defined                         no-undef
   40:20  warning  'text' is not defined                         no-undef
   41:3   warning  'NFADescriptionContainer' is not defined      no-undef
   41:39  warning  'text' is not defined                         no-undef
   43:3   warning  'res' is not defined                          no-undef
   43:9   warning  'displayCanvas' is not defined                no-undef
   43:23  warning  'canvas' is not defined                       no-undef
   43:31  warning  'nfa' is not defined                          no-undef
   43:35  warning  'nfaIndex' is not defined                     no-undef
   43:46  warning  'inputPointer' is not defined                 no-undef
   43:60  warning  'curr' is not defined                         no-undef
   45:3   warning  'nodes' is not defined                        no-undef
   45:11  warning  'res' is not defined                          no-undef
   46:3   warning  'edges' is not defined                        no-undef
   46:11  warning  'res' is not defined                          no-undef
   50:3   warning  'inputIndex' is not defined                   no-undef
   51:3   warning  'inputPointer' is not defined                 no-undef
   57:3   warning  'inputContainer' is not defined               no-undef
   58:3   warning  'clearElem' is not defined                    no-undef
   58:13  warning  'inputContainer' is not defined               no-undef
   59:17  warning  'nfa' is not defined                          no-undef
   59:21  warning  'nfaIndex' is not defined                     no-undef
   59:40  warning  'inputIndex' is not defined                   no-undef
   60:5   warning  'textColor' is not defined                    no-undef
   61:8   warning  'inputPointer' is not defined                 no-undef
   62:7   warning  'textColor' is not defined                    no-undef
   64:5   warning  'span' is not defined                         no-undef
   64:12  warning  'newElement' is not defined                   no-undef
   64:61  warning  'textColor' is not defined                    no-undef
   65:5   warning  'text' is not defined                         no-undef
   65:36  warning  'nfa' is not defined                          no-undef
   65:40  warning  'nfaIndex' is not defined                     no-undef
   65:59  warning  'inputIndex' is not defined                   no-undef
   66:5   warning  'span' is not defined                         no-undef
   66:22  warning  'text' is not defined                         no-undef
   67:5   warning  'inputContainer' is not defined               no-undef
   67:32  warning  'span' is not defined                         no-undef
   72:3   warning  'stack' is not defined                        no-undef
   73:3   warning  'clearElem' is not defined                    no-undef
   73:13  warning  'stack' is not defined                        no-undef
   77:3   warning  'stack' is not defined                        no-undef
   78:3   warning  'listElem' is not defined                     no-undef
   78:14  warning  'newElement' is not defined                   no-undef
   79:3   warning  'textNode' is not defined                     no-undef
   80:3   warning  'listElem' is not defined                     no-undef
   80:24  warning  'textNode' is not defined                     no-undef
   81:3   warning  'stack' is not defined                        no-undef
   81:21  warning  'listElem' is not defined                     no-undef
   86:3   warning  'stack' is not defined                        no-undef
   87:6   warning  'stack' is not defined                        no-undef
   88:5   warning  'stack' is not defined                        no-undef
   88:23  warning  'stack' is not defined                        no-undef
   92:42  warning  'e' is defined but never used                 no-unused-vars
   93:3   warning  'canvas' is not defined                       no-undef
  100:3   warning  'changeNFA' is not defined                    no-undef
  101:3   warning  'changeNFA' is not defined                    no-undef
  101:48  warning  'e' is defined but never used                 no-unused-vars
  102:5   warning  'clearElem' is not defined                    no-undef
  102:15  warning  'canvas' is not defined                       no-undef
  103:5   warning  'nfaIndex' is not defined                     no-undef
  103:16  warning  'nfaIndex' is not defined                     no-undef
  104:8   warning  'nfaIndex' is not defined                     no-undef
  104:20  warning  'nfa' is not defined                          no-undef
  105:7   warning  'nfaIndex' is not defined                     no-undef
  113:3   warning  'changeInput' is not defined                  no-undef
  114:3   warning  'changeInput' is not defined                  no-undef
  114:50  warning  'e' is defined but never used                 no-unused-vars
  115:5   warning  'inputIndex' is not defined                   no-undef
  115:18  warning  'inputIndex' is not defined                   no-undef
  116:8   warning  'inputIndex' is not defined                   no-undef
  116:22  warning  'nfa' is not defined                          no-undef
  116:26  warning  'nfaIndex' is not defined                     no-undef
  117:7   warning  'inputIndex' is not defined                   no-undef
  119:5   warning  'inputPointer' is not defined                 no-undef
  126:3   warning  'next' is not defined                         no-undef
  127:3   warning  'next' is not defined                         no-undef
  127:43  warning  'e' is defined but never used                 no-unused-vars
  128:8   warning  'inputPointer' is not defined                 no-undef
  128:24  warning  'nfa' is not defined                          no-undef
  128:28  warning  'nfaIndex' is not defined                     no-undef
  128:47  warning  'inputIndex' is not defined                   no-undef
  129:7   warning  'inputPointer' is not defined                 no-undef
  129:22  warning  'inputPointer' is not defined                 no-undef
  132:7   warning  'str' is not defined                          no-undef
  133:10  warning  'inputPointer' is not defined                 no-undef
  134:9   warning  'str' is not defined                          no-undef
  134:34  warning  'nfa' is not defined                          no-undef
  134:38  warning  'nfaIndex' is not defined                     no-undef
  134:57  warning  'inputIndex' is not defined                   no-undef
  134:79  warning  'inputPointer' is not defined                 no-undef
  135:12  warning  'path_state' is not defined                   no-undef
  136:11  warning  'str' is not defined                          no-undef
  136:43  warning  'nfa' is not defined                          no-undef
  136:47  warning  'nfaIndex' is not defined                     no-undef
  136:66  warning  'inputIndex' is not defined                   no-undef
  136:88  warning  'inputPointer' is not defined                 no-undef
  137:11  warning  'str' is not defined                          no-undef
  137:31  warning  'nfa' is not defined                          no-undef
  137:35  warning  'nfaIndex' is not defined                     no-undef
  137:54  warning  'inputIndex' is not defined                   no-undef
  137:76  warning  'inputPointer' is not defined                 no-undef
  139:11  warning  'str' is not defined                          no-undef
  139:43  warning  'nfa' is not defined                          no-undef
  139:47  warning  'nfaIndex' is not defined                     no-undef
  139:66  warning  'inputIndex' is not defined                   no-undef
  139:93  warning  'inputPointer' is not defined                 no-undef
  140:11  warning  'str' is not defined                          no-undef
  140:31  warning  'nfa' is not defined                          no-undef
  140:35  warning  'nfaIndex' is not defined                     no-undef
  140:54  warning  'inputIndex' is not defined                   no-undef
  140:81  warning  'inputPointer' is not defined                 no-undef
  143:10  warning  'inputPointer' is not defined                 no-undef
  144:9   warning  'str' is not defined                          no-undef
  146:18  warning  'str' is not defined                          no-undef
  149:10  warning  'inputPointer' is not defined                 no-undef
  149:24  warning  'nfa' is not defined                          no-undef
  149:28  warning  'nfaIndex' is not defined                     no-undef
  149:47  warning  'inputIndex' is not defined                   no-undef
  151:9   warning  'computationStatus' is not defined            no-undef
  153:13  warning  'itr' is not defined                          no-undef
  153:19  warning  'itr' is not defined                          no-undef
  153:23  warning  'nfa' is not defined                          no-undef
  153:27  warning  'nfaIndex' is not defined                     no-undef
  153:58  warning  'itr' is not defined                          no-undef
  154:14  warning  'nfa' is not defined                          no-undef
  154:18  warning  'nfaIndex' is not defined                     no-undef
  154:40  warning  'itr' is not defined                          no-undef
  154:56  warning  'curr' is not defined                         no-undef
  155:16  warning  'nfa' is not defined                          no-undef
  155:20  warning  'nfaIndex' is not defined                     no-undef
  155:42  warning  'itr' is not defined                          no-undef
  156:15  warning  'computationStatus' is not defined            no-undef
  161:9   warning  'swal' is not defined                         no-undef
  161:34  warning  'computationStatus' is not defined            no-undef
  167:3   warning  'prev' is not defined                         no-undef
  168:3   warning  'prev' is not defined                         no-undef
  168:43  warning  'e' is defined but never used                 no-unused-vars
  169:8   warning  'inputPointer' is not defined                 no-undef
  170:7   warning  'inputPointer' is not defined                 no-undef
  170:22  warning  'inputPointer' is not defined                 no-undef
  178:3   warning  'path_switch' is not defined                  no-undef
  179:3   warning  'path_switch' is not defined                  no-undef
  179:51  warning  'e' is defined but never used                 no-unused-vars
  180:8   warning  'path_state' is not defined                   no-undef
  181:7   warning  'path_state' is not defined                   no-undef
  183:7   warning  'path_state' is not defined                   no-undef
  185:5   warning  'inputPointer' is not defined                 no-undef
  191:3   warning  'controlContainerDisplay' is not defined      no-undef
  192:3   warning  'instructionContainerDisplay' is not defined  no-undef
  193:3   warning  'traceContainerDisplay' is not defined        no-undef
  195:3   warning  'controlsToggle' is not defined               no-undef
  196:3   warning  'controlsToggle' is not defined               no-undef
  196:53  warning  'e' is defined but never used                 no-unused-vars
  198:5   warning  'controlContainer' is not defined             no-undef
  200:8   warning  'controlContainerDisplay' is not defined      no-undef
  201:7   warning  'controlContainer' is not defined             no-undef
  202:7   warning  'controlContainer' is not defined             no-undef
  203:7   warning  'controlContainerDisplay' is not defined      no-undef
  205:7   warning  'controlContainer' is not defined             no-undef
  206:7   warning  'controlContainer' is not defined             no-undef
  207:7   warning  'controlContainerDisplay' is not defined      no-undef
  212:3   warning  'instructionToggle' is not defined            no-undef
  213:3   warning  'instructionToggle' is not defined            no-undef
  213:56  warning  'e' is defined but never used                 no-unused-vars
  215:5   warning  'instructionContainer' is not defined         no-undef
  217:8   warning  'instructionContainerDisplay' is not defined  no-undef
  218:7   warning  'instructionContainer' is not defined         no-undef
  219:7   warning  'instructionContainer' is not defined         no-undef
  220:7   warning  'instructionContainerDisplay' is not defined  no-undef
  222:7   warning  'instructionContainer' is not defined         no-undef
  223:7   warning  'instructionContainer' is not defined         no-undef
  224:7   warning  'instructionContainerDisplay' is not defined  no-undef
  229:3   warning  'traceToggle' is not defined                  no-undef
  230:3   warning  'traceToggle' is not defined                  no-undef
  230:50  warning  'e' is defined but never used                 no-unused-vars
  232:5   warning  'traceContainer' is not defined               no-undef
  234:8   warning  'traceContainerDisplay' is not defined        no-undef
  235:7   warning  'traceContainer' is not defined               no-undef
  236:7   warning  'traceContainer' is not defined               no-undef
  237:7   warning  'traceContainerDisplay' is not defined        no-undef
  239:7   warning  'traceContainer' is not defined               no-undef
  240:7   warning  'traceContainer' is not defined               no-undef
  241:7   warning  'traceContainerDisplay' is not defined        no-undef

✖ 392 problems (0 errors, 392 warnings)

